<?xml version="1.0" encoding="UTF-8"?>
<testng-results skipped="0" failed="0" ignored="0" total="1" passed="1">
  <reporter-output>
  </reporter-output>
  <suite name="com.github.employeeorg.runner.RunnerClass" duration-ms="15355" started-at="2019-07-28T19:57:24Z" finished-at="2019-07-28T19:57:39Z">
    <groups>
      <group name="cucumber">
        <method signature="AbstractTestNGCucumberTests.feature(cucumber.api.testng.CucumberFeatureWrapper)[pri:0, instance:com.github.employeeorg.runner.RunnerClass@5ec0a365]" name="feature" class="cucumber.api.testng.AbstractTestNGCucumberTests"/>
      </group> <!-- cucumber -->
    </groups>
    <test name="Command line test" duration-ms="15355" started-at="2019-07-28T19:57:24Z" finished-at="2019-07-28T19:57:39Z">
      <class name="com.github.employeeorg.runner.RunnerClass">
        <test-method status="PASS" signature="setUpClass()[pri:0, instance:com.github.employeeorg.runner.RunnerClass@5ec0a365]" name="setUpClass" is-config="true" duration-ms="2116" started-at="2019-07-28T20:57:24Z" finished-at="2019-07-28T20:57:26Z">
          <reporter-output>
          </reporter-output>
        </test-method> <!-- setUpClass -->
        <test-method status="PASS" signature="feature(cucumber.api.testng.CucumberFeatureWrapper)[pri:0, instance:com.github.employeeorg.runner.RunnerClass@5ec0a365]" name="feature" duration-ms="12144" started-at="2019-07-28T20:57:27Z" description="Runs Cucumber Feature" data-provider="features" finished-at="2019-07-28T20:57:39Z">
          <params>
            <param index="0">
              <value>
                <![CDATA[Automating a public API holding Employee Details]]>
              </value>
            </param>
          </params>
          <reporter-output>
          </reporter-output>
        </test-method> <!-- feature -->
        <test-method status="PASS" signature="tearDownClass()[pri:0, instance:com.github.employeeorg.runner.RunnerClass@5ec0a365]" name="tearDownClass" is-config="true" duration-ms="447" started-at="2019-07-28T20:57:39Z" finished-at="2019-07-28T20:57:39Z">
          <reporter-output>
          </reporter-output>
        </test-method> <!-- tearDownClass -->
      </class> <!-- com.github.employeeorg.runner.RunnerClass -->
    </test> <!-- Command line test -->
  </suite> <!-- com.github.employeeorg.runner.RunnerClass -->
</testng-results>
