<?xml version="1.0" encoding="UTF-8"?>
<testng-results skipped="0" failed="0" ignored="0" total="1" passed="1">
  <reporter-output>
  </reporter-output>
  <suite name="Default suite" duration-ms="36794" started-at="2019-07-28T17:16:32Z" finished-at="2019-07-28T17:17:09Z">
    <groups>
      <group name="cucumber">
        <method signature="AbstractTestNGCucumberTests.feature(cucumber.api.testng.CucumberFeatureWrapper)[pri:0, instance:com.github.employeeorg.runner.RunnerClass@7d70d1b1]" name="feature" class="cucumber.api.testng.AbstractTestNGCucumberTests"/>
      </group> <!-- cucumber -->
    </groups>
    <test name="Default test" duration-ms="36794" started-at="2019-07-28T17:16:32Z" finished-at="2019-07-28T17:17:09Z">
      <class name="com.github.employeeorg.runner.RunnerClass">
        <test-method status="PASS" signature="setUpClass()[pri:0, instance:com.github.employeeorg.runner.RunnerClass@7d70d1b1]" name="setUpClass" is-config="true" duration-ms="604" started-at="2019-07-28T18:16:32Z" finished-at="2019-07-28T18:16:33Z">
          <reporter-output>
          </reporter-output>
        </test-method> <!-- setUpClass -->
        <test-method status="PASS" signature="feature(cucumber.api.testng.CucumberFeatureWrapper)[pri:0, instance:com.github.employeeorg.runner.RunnerClass@7d70d1b1]" name="feature" duration-ms="35360" started-at="2019-07-28T18:16:33Z" description="Runs Cucumber Feature" data-provider="features" finished-at="2019-07-28T18:17:09Z">
          <params>
            <param index="0">
              <value>
                <![CDATA[Automating a public API holding Employee Details]]>
              </value>
            </param>
          </params>
          <reporter-output>
          </reporter-output>
        </test-method> <!-- feature -->
        <test-method status="PASS" signature="tearDownClass()[pri:0, instance:com.github.employeeorg.runner.RunnerClass@7d70d1b1]" name="tearDownClass" is-config="true" duration-ms="659" started-at="2019-07-28T18:17:09Z" finished-at="2019-07-28T18:17:09Z">
          <reporter-output>
          </reporter-output>
        </test-method> <!-- tearDownClass -->
      </class> <!-- com.github.employeeorg.runner.RunnerClass -->
    </test> <!-- Default test -->
  </suite> <!-- Default suite -->
</testng-results>
